TN:
SF:src/App.tsx
FN:4,App
FNF:1
FNH:1
FNDA:2,App
DA:5,2
LF:1
LH:1
BRF:0
BRH:0
end_of_record
TN:
SF:src/components/header.tsx
FN:3,Header
FNF:1
FNH:1
FNDA:5,Header
DA:4,5
LF:1
LH:1
BRF:0
BRH:0
end_of_record
TN:
SF:src/features/wizard/wizard.tsx
FN:4,Wizard
FNF:1
FNH:1
FNDA:3,Wizard
DA:5,3
LF:1
LH:1
BRF:0
BRH:0
end_of_record
TN:
SF:src/features/wizard/components/logo-upload.tsx
FN:11,LogoUpload
FN:18,handleFileChange
FN:23,(anonymous_2)
FN:32,removeLogo
FN:73,(anonymous_4)
FNF:5
FNH:4
FNDA:32,LogoUpload
FNDA:1,handleFileChange
FNDA:1,(anonymous_2)
FNDA:1,removeLogo
FNDA:0,(anonymous_4)
DA:16,32
DA:19,1
DA:20,1
DA:22,1
DA:23,1
DA:24,1
DA:26,1
DA:29,1
DA:33,1
DA:36,32
DA:73,0
LF:11
LH:10
BRDA:20,0,0,0
BRDA:20,0,1,1
BRDA:39,1,0,3
BRDA:39,1,1,29
BRDA:77,2,0,3
BRDA:77,2,1,29
BRDA:85,3,0,32
BRDA:85,3,1,1
BRF:8
BRH:7
end_of_record
TN:
SF:src/features/wizard/components/place-holder-step.tsx
FN:1,PlaceholderStep
FNF:1
FNH:1
FNDA:6,PlaceholderStep
DA:4,6
LF:1
LH:1
BRF:0
BRH:0
end_of_record
TN:
SF:src/features/wizard/components/wizard-content.tsx
FN:17,WizardContent
FN:20,renderStep
FNF:2
FNH:2
FNDA:11,WizardContent
FNDA:11,renderStep
DA:10,3
DA:18,11
DA:21,11
DA:23,5
DA:25,3
DA:27,2
DA:29,1
DA:33,11
LF:8
LH:8
BRDA:21,0,0,5
BRDA:21,0,1,3
BRDA:21,0,2,2
BRDA:21,0,3,1
BRDA:45,1,0,11
BRDA:45,1,1,6
BRF:6
BRH:6
end_of_record
TN:
SF:src/features/wizard/context/wizard-context.tsx
FN:8,WizardProvider
FN:18,useWizardContext
FNF:2
FNH:2
FNDA:5,WizardProvider
FNDA:38,useWizardContext
DA:6,5
DA:11,5
DA:13,5
DA:19,38
DA:20,38
DA:21,1
DA:23,37
LF:7
LH:7
BRDA:20,0,0,1
BRDA:20,0,1,37
BRF:2
BRH:2
end_of_record
TN:
SF:src/features/wizard/hooks/useWizard.ts
FN:9,loadFromStorage
FN:19,useWizard
FN:23,(anonymous_2)
FN:27,next
FN:28,(anonymous_4)
FN:31,prev
FN:32,(anonymous_6)
FN:35,updateSection
FN:39,(anonymous_8)
FNF:9
FNH:9
FNDA:15,loadFromStorage
FNDA:21,useWizard
FNDA:17,(anonymous_2)
FNDA:6,next
FNDA:6,(anonymous_4)
FNDA:2,prev
FNDA:2,(anonymous_6)
FNDA:2,updateSection
FNDA:2,(anonymous_8)
DA:7,6
DA:10,15
DA:11,15
DA:12,15
DA:16,13
DA:20,21
DA:21,21
DA:23,21
DA:24,17
DA:28,6
DA:32,2
DA:39,2
DA:42,21
LF:13
LH:13
BRDA:12,0,0,3
BRDA:12,0,1,12
BRF:2
BRH:2
end_of_record
TN:
SF:src/features/wizard/steps/professional-profile-step.tsx
FN:13,ProfessionalProfileStep
FN:26,onSubmit
FN:62,(anonymous_2)
FNF:3
FNH:3
FNDA:25,ProfessionalProfileStep
FNDA:1,onSubmit
FNDA:28,(anonymous_2)
DA:14,25
DA:21,25
DA:27,1
DA:28,1
DA:31,25
DA:63,28
LF:6
LH:6
BRF:0
BRH:0
end_of_record
TN:
SF:src/features/wizard/stores/wizard-store.ts
FNF:0
FNH:0
DA:18,7
LF:1
LH:1
BRF:0
BRH:0
end_of_record
TN:
SF:src/features/wizard/types/wizard-schema.ts
FN:11,(anonymous_0)
FNF:1
FNH:1
FNDA:10,(anonymous_0)
DA:3,5
DA:11,10
LF:2
LH:2
BRDA:11,0,0,10
BRDA:11,0,1,2
BRF:2
BRH:2
end_of_record
TN:
SF:src/lib/utils.ts
FN:4,cn
FNF:1
FNH:1
FNDA:408,cn
DA:5,408
LF:1
LH:1
BRF:0
BRH:0
end_of_record
