TN:
SF:src\App.tsx
FN:6,App
FNF:1
FNH:1
FNDA:2,App
DA:7,2
LF:1
LH:1
BRF:0
BRH:0
end_of_record
TN:
SF:src\storage-migration.ts
FN:3,migrateLocalStorage
FNF:1
FNH:1
FNDA:4,migrateLocalStorage
DA:1,1
DA:4,4
DA:6,4
DA:7,3
DA:9,3
LF:5
LH:5
BRDA:6,0,0,3
BRDA:6,0,1,1
BRF:2
BRH:2
end_of_record
TN:
SF:src\components\delete-modal.tsx
FN:14,DeleteModal
FN:22,(anonymous_1)
FN:28,(anonymous_2)
FNF:3
FNH:3
FNDA:10,DeleteModal
FNDA:1,(anonymous_1)
FNDA:1,(anonymous_2)
DA:22,10
DA:23,1
DA:24,1
DA:27,10
DA:28,1
LF:5
LH:5
BRDA:18,0,0,10
BRDA:19,1,0,10
BRDA:28,2,0,1
BRDA:28,2,1,1
BRDA:37,3,0,10
BRDA:37,3,1,1
BRF:6
BRH:6
end_of_record
TN:
SF:src\components\header.tsx
FN:3,Header
FNF:1
FNH:1
FNDA:5,Header
DA:4,5
LF:1
LH:1
BRF:0
BRH:0
end_of_record
TN:
SF:src\features\wizard\wizard.tsx
FN:4,Wizard
FNF:1
FNH:1
FNDA:3,Wizard
DA:5,3
LF:1
LH:1
BRF:0
BRH:0
end_of_record
TN:
SF:src\features\wizard\components\NutritionPDF.tsx
FN:201,NutritionPDF
FN:273,(anonymous_1)
FN:280,(anonymous_2)
FNF:3
FNH:0
FNDA:0,NutritionPDF
FNDA:0,(anonymous_1)
FNDA:0,(anonymous_2)
DA:5,3
DA:208,0
DA:274,0
DA:281,0
LF:4
LH:1
BRDA:214,0,0,0
BRDA:214,0,1,0
BRDA:222,1,0,0
BRDA:222,1,1,0
BRDA:256,2,0,0
BRDA:256,2,1,0
BRDA:260,3,0,0
BRDA:260,3,1,0
BRF:8
BRH:0
end_of_record
TN:
SF:src\features\wizard\components\add-meal-modal.tsx
FN:46,AddMealModal
FN:64,(anonymous_1)
FN:69,(anonymous_2)
FN:81,(anonymous_3)
FN:90,(anonymous_4)
FN:127,(anonymous_5)
FN:147,(anonymous_6)
FN:162,(anonymous_7)
FN:167,(anonymous_8)
FN:168,(anonymous_9)
FN:176,(anonymous_10)
FN:185,(anonymous_11)
FN:201,(anonymous_12)
FN:207,(anonymous_13)
FN:208,(anonymous_14)
FN:216,(anonymous_15)
FN:225,(anonymous_16)
FN:243,(anonymous_17)
FNF:18
FNH:13
FNDA:28,AddMealModal
FNDA:1,(anonymous_1)
FNDA:11,(anonymous_2)
FNDA:4,(anonymous_3)
FNDA:2,(anonymous_4)
FNDA:29,(anonymous_5)
FNDA:0,(anonymous_6)
FNDA:17,(anonymous_7)
FNDA:0,(anonymous_8)
FNDA:0,(anonymous_9)
FNDA:17,(anonymous_10)
FNDA:187,(anonymous_11)
FNDA:17,(anonymous_12)
FNDA:0,(anonymous_13)
FNDA:0,(anonymous_14)
FNDA:17,(anonymous_15)
FNDA:102,(anonymous_16)
FNDA:1,(anonymous_17)
DA:15,4
DA:29,4
DA:31,4
DA:53,28
DA:62,28
DA:64,28
DA:65,1
DA:66,1
DA:69,28
DA:70,11
DA:71,2
DA:77,9
DA:81,28
DA:82,4
DA:83,4
DA:86,28
DA:89,28
DA:90,2
DA:128,29
DA:147,0
DA:163,17
DA:167,0
DA:168,0
DA:177,17
DA:186,187
DA:202,17
DA:207,0
DA:208,0
DA:217,17
DA:226,102
DA:243,1
LF:31
LH:26
BRDA:70,0,0,2
BRDA:70,0,1,9
BRDA:74,1,0,2
BRDA:74,1,1,0
BRDA:86,2,0,28
BRDA:86,2,1,28
BRDA:90,3,0,2
BRDA:90,3,1,2
BRDA:94,4,0,4
BRDA:94,4,1,24
BRDA:121,5,0,28
BRDA:121,5,1,0
BRDA:142,6,0,29
BRDA:142,6,1,2
BRF:14
BRH:12
end_of_record
TN:
SF:src\features\wizard\components\logo-upload.tsx
FN:11,LogoUpload
FN:18,handleFileChange
FN:23,(anonymous_2)
FN:32,removeLogo
FN:59,(anonymous_4)
FN:77,(anonymous_5)
FNF:6
FNH:5
FNDA:44,LogoUpload
FNDA:1,handleFileChange
FNDA:1,(anonymous_2)
FNDA:1,removeLogo
FNDA:1,(anonymous_4)
FNDA:0,(anonymous_5)
DA:16,44
DA:19,1
DA:20,1
DA:22,1
DA:23,1
DA:24,1
DA:26,1
DA:29,1
DA:33,1
DA:36,44
DA:59,1
DA:77,0
LF:12
LH:11
BRDA:20,0,0,0
BRDA:20,0,1,1
BRDA:39,1,0,3
BRDA:39,1,1,41
BRDA:81,2,0,3
BRDA:81,2,1,41
BRDA:89,3,0,44
BRDA:89,3,1,1
BRF:8
BRH:7
end_of_record
TN:
SF:src\features\wizard\components\meal-card-modal.tsx
FN:12,MealCardModal
FN:16,(anonymous_1)
FN:25,(anonymous_2)
FNF:3
FNH:3
FNDA:5,MealCardModal
FNDA:1,(anonymous_1)
FNDA:6,(anonymous_2)
DA:13,5
DA:15,2
DA:16,1
DA:26,6
LF:4
LH:4
BRDA:13,0,0,3
BRDA:13,0,1,2
BRDA:16,1,0,1
BRDA:16,1,1,1
BRF:4
BRH:4
end_of_record
TN:
SF:src\features\wizard\components\meal-card.tsx
FN:17,MealCard
FN:36,(anonymous_1)
FNF:2
FNH:2
FNDA:2,MealCard
FNDA:3,(anonymous_1)
DA:6,4
DA:18,2
DA:19,2
DA:21,2
DA:37,3
LF:5
LH:5
BRDA:39,0,0,2
BRDA:39,0,1,1
BRF:2
BRH:2
end_of_record
TN:
SF:src\features\wizard\components\pdf-preview.tsx
FN:6,(anonymous_0)
FN:146,(anonymous_1)
FN:189,(anonymous_2)
FNF:3
FNH:3
FNDA:26,(anonymous_0)
FNDA:27,(anonymous_1)
FNDA:27,(anonymous_2)
DA:5,5
DA:7,26
DA:147,27
DA:190,27
DA:254,5
LF:5
LH:5
BRDA:35,0,0,26
BRDA:35,0,1,0
BRDA:50,1,0,26
BRDA:50,1,1,9
BRDA:104,2,0,26
BRDA:104,2,1,0
BRDA:108,3,0,26
BRDA:108,3,1,23
BRF:8
BRH:6
end_of_record
TN:
SF:src\features\wizard\components\wizard-content.tsx
FN:18,WizardContent
FN:21,renderStep
FNF:2
FNH:2
FNDA:11,WizardContent
FNDA:11,renderStep
DA:11,3
DA:19,11
DA:22,11
DA:24,5
DA:26,3
DA:28,2
DA:30,1
DA:34,11
LF:8
LH:8
BRDA:22,0,0,5
BRDA:22,0,1,3
BRDA:22,0,2,2
BRDA:22,0,3,1
BRF:4
BRH:4
end_of_record
TN:
SF:src\features\wizard\context\wizard-context.tsx
FN:8,WizardProvider
FN:18,useWizardContext
FNF:2
FNH:2
FNDA:5,WizardProvider
FNDA:129,useWizardContext
DA:6,8
DA:11,5
DA:13,5
DA:19,129
DA:20,129
DA:21,1
DA:23,128
LF:7
LH:7
BRDA:20,0,0,1
BRDA:20,0,1,128
BRF:2
BRH:2
end_of_record
TN:
SF:src\features\wizard\hooks\usePDFExport.ts
FN:9,usePDFExport
FN:13,(anonymous_1)
FN:40,(anonymous_2)
FNF:3
FNH:3
FNDA:14,usePDFExport
FNDA:4,(anonymous_1)
FNDA:3,(anonymous_2)
DA:10,14
DA:11,14
DA:13,14
DA:14,4
DA:15,4
DA:16,4
DA:18,4
DA:21,1
DA:23,1
DA:24,1
DA:25,1
DA:26,1
DA:27,1
DA:28,1
DA:29,1
DA:31,1
DA:33,3
DA:34,3
DA:35,3
DA:36,3
DA:40,14
DA:41,3
DA:44,14
LF:23
LH:23
BRDA:33,0,0,3
BRDA:33,0,1,0
BRF:2
BRH:1
end_of_record
TN:
SF:src\features\wizard\hooks\useWizard.ts
FN:9,loadFromStorage
FN:19,useWizard
FN:23,(anonymous_2)
FN:27,next
FN:28,(anonymous_4)
FN:31,prev
FN:32,(anonymous_6)
FN:35,goToStep
FN:39,updateSection
FN:43,(anonymous_9)
FNF:10
FNH:10
FNDA:19,loadFromStorage
FNDA:33,useWizard
FNDA:21,(anonymous_2)
FNDA:8,next
FNDA:8,(anonymous_4)
FNDA:2,prev
FNDA:2,(anonymous_6)
FNDA:6,goToStep
FNDA:2,updateSection
FNDA:2,(anonymous_9)
DA:7,9
DA:10,19
DA:11,19
DA:12,19
DA:16,17
DA:20,33
DA:21,33
DA:23,33
DA:24,21
DA:28,8
DA:32,2
DA:36,6
DA:43,2
DA:46,33
LF:14
LH:14
BRDA:12,0,0,3
BRDA:12,0,1,16
BRF:2
BRH:2
end_of_record
TN:
SF:src\features\wizard\schemas\wizard-schema.ts
FN:14,(anonymous_0)
FNF:1
FNH:1
FNDA:13,(anonymous_0)
DA:4,7
DA:14,13
DA:21,7
DA:31,7
DA:45,7
LF:5
LH:5
BRDA:14,0,0,13
BRDA:14,0,1,2
BRF:2
BRH:2
end_of_record
TN:
SF:src\features\wizard\steps\diet-creation-step.tsx
FN:12,DietCreationStep
FN:23,(anonymous_1)
FN:28,(anonymous_2)
FN:33,(anonymous_3)
FN:38,(anonymous_4)
FN:43,(anonymous_5)
FN:48,(anonymous_6)
FN:53,(anonymous_7)
FN:55,(anonymous_8)
FN:70,(anonymous_9)
FN:71,(anonymous_10)
FN:75,(anonymous_11)
FN:88,(anonymous_12)
FN:95,(anonymous_13)
FN:101,(anonymous_14)
FN:102,(anonymous_15)
FN:103,(anonymous_16)
FN:115,(anonymous_17)
FN:151,(anonymous_18)
FNF:19
FNH:14
FNDA:15,DietCreationStep
FNDA:3,(anonymous_1)
FNDA:2,(anonymous_2)
FNDA:0,(anonymous_3)
FNDA:0,(anonymous_4)
FNDA:1,(anonymous_5)
FNDA:0,(anonymous_6)
FNDA:2,(anonymous_7)
FNDA:1,(anonymous_8)
FNDA:1,(anonymous_9)
FNDA:1,(anonymous_10)
FNDA:2,(anonymous_11)
FNDA:2,(anonymous_12)
FNDA:6,(anonymous_13)
FNDA:1,(anonymous_14)
FNDA:0,(anonymous_15)
FNDA:1,(anonymous_16)
FNDA:0,(anonymous_17)
FNDA:1,(anonymous_18)
DA:13,15
DA:15,15
DA:16,15
DA:17,15
DA:19,15
DA:20,15
DA:21,15
DA:23,15
DA:24,3
DA:25,3
DA:28,15
DA:29,2
DA:30,2
DA:33,15
DA:34,0
DA:35,0
DA:38,15
DA:39,0
DA:40,0
DA:43,15
DA:44,1
DA:45,1
DA:48,15
DA:49,0
DA:50,0
DA:53,15
DA:54,2
DA:55,1
DA:56,1
DA:58,1
DA:60,1
DA:64,1
DA:67,2
DA:70,15
DA:71,1
DA:72,1
DA:75,15
DA:76,2
DA:77,1
DA:81,1
DA:84,15
DA:88,2
DA:96,6
DA:101,1
DA:102,0
DA:103,1
DA:115,0
DA:152,1
DA:153,1
LF:49
LH:41
BRDA:24,0,0,3
BRDA:24,0,1,2
BRDA:54,1,0,1
BRDA:54,1,1,1
BRDA:56,2,0,1
BRDA:56,2,1,0
BRDA:76,3,0,1
BRDA:76,3,1,1
BRDA:93,4,0,6
BRDA:93,4,1,9
BRDA:145,5,0,15
BRDA:145,5,1,15
BRDA:152,6,0,1
BRDA:152,6,1,0
BRF:14
BRH:12
end_of_record
TN:
SF:src\features\wizard\steps\export-diet-step.tsx
FN:14,ExportDietStep
FN:20,(anonymous_1)
FN:33,(anonymous_2)
FNF:3
FNH:3
FNDA:17,ExportDietStep
FNDA:1,(anonymous_1)
FNDA:3,(anonymous_2)
DA:15,17
DA:16,17
DA:18,17
DA:20,17
DA:21,1
DA:22,0
DA:26,0
DA:29,1
DA:30,1
DA:33,17
DA:34,3
DA:39,2
DA:49,2
DA:50,2
DA:51,2
DA:55,17
LF:16
LH:14
BRDA:21,0,0,0
BRDA:21,0,1,1
BRDA:34,1,0,2
BRDA:34,1,1,1
BRDA:89,2,0,14
BRDA:89,2,1,3
BRDA:96,3,0,17
BRDA:96,3,1,2
BRDA:124,4,0,17
BRDA:124,4,1,16
BRDA:128,5,0,1
BRDA:128,5,1,16
BRF:12
BRH:11
end_of_record
TN:
SF:src\features\wizard\steps\patient-profile-step.tsx
FN:22,PatientProfileStep
FN:25,(anonymous_1)
FN:46,(anonymous_2)
FN:71,(anonymous_3)
FN:85,(anonymous_4)
FN:94,(anonymous_5)
FN:107,(anonymous_6)
FNF:7
FNH:7
FNDA:29,PatientProfileStep
FNDA:261,(anonymous_1)
FNDA:1,(anonymous_2)
FNDA:4,(anonymous_3)
FNDA:4,(anonymous_4)
FNDA:32,(anonymous_5)
FNDA:288,(anonymous_6)
DA:23,29
DA:25,261
DA:30,29
DA:41,29
DA:46,29
DA:47,1
DA:48,1
DA:51,29
DA:71,4
DA:85,4
DA:95,32
DA:108,288
LF:12
LH:12
BRDA:32,0,0,27
BRDA:32,0,1,2
BRDA:33,1,0,27
BRDA:33,1,1,2
BRDA:120,2,0,29
BRDA:120,2,1,0
BRF:6
BRH:5
end_of_record
TN:
SF:src\features\wizard\steps\professional-profile-step.tsx
FN:15,ProfessionalProfileStep
FN:30,(anonymous_1)
FN:50,(anonymous_2)
FN:52,(anonymous_3)
FN:69,(anonymous_4)
FNF:5
FNH:5
FNDA:55,ProfessionalProfileStep
FNDA:1,(anonymous_1)
FNDA:44,(anonymous_2)
FNDA:82,(anonymous_3)
FNDA:39,(anonymous_4)
DA:16,55
DA:18,55
DA:25,55
DA:30,55
DA:31,1
DA:32,1
DA:35,55
DA:51,44
DA:53,82
DA:54,82
DA:70,39
LF:11
LH:11
BRF:0
BRH:0
end_of_record
TN:
SF:src\features\wizard\stores\wizard-store.ts
FNF:0
FNH:0
DA:31,11
LF:1
LH:1
BRF:0
BRH:0
end_of_record
TN:
SF:src\features\wizard\types\patient-goal.ts
FN:27,getPatientGoalLabel
FNF:1
FNH:1
FNDA:278,getPatientGoalLabel
DA:1,11
DA:15,11
DA:28,278
LF:3
LH:3
BRF:0
BRH:0
end_of_record
TN:
SF:src\features\wizard\utils\pdf-generator.ts
FN:37,formatFoodDisplay
FN:57,mapWizardDataToPDF
FN:71,(anonymous_2)
FN:75,(anonymous_3)
FN:91,formatDateForPDF
FN:102,validatePDFData
FN:141,generatePDFFilename
FNF:7
FNH:7
FNDA:33,formatFoodDisplay
FNDA:23,mapWizardDataToPDF
FNDA:24,(anonymous_2)
FNDA:24,(anonymous_3)
FNDA:25,formatDateForPDF
FNDA:23,validatePDFData
FNDA:5,generatePDFFilename
DA:38,33
DA:39,33
DA:40,33
DA:41,14
DA:42,14
DA:43,12
DA:58,23
DA:71,24
DA:75,24
DA:92,25
DA:106,23
DA:109,23
DA:110,2
DA:112,23
DA:113,2
DA:117,23
DA:118,2
DA:120,23
DA:121,2
DA:123,23
DA:124,2
DA:128,23
DA:129,5
DA:132,23
DA:142,5
DA:148,5
DA:149,5
LF:27
LH:27
BRDA:40,0,0,19
BRDA:40,0,1,14
BRDA:40,1,0,33
BRDA:40,1,1,21
BRDA:41,2,0,0
BRDA:41,2,1,14
BRDA:42,3,0,2
BRDA:42,3,1,12
BRDA:109,4,0,2
BRDA:109,4,1,21
BRDA:112,5,0,2
BRDA:112,5,1,21
BRDA:117,6,0,2
BRDA:117,6,1,21
BRDA:120,7,0,2
BRDA:120,7,1,21
BRDA:123,8,0,2
BRDA:123,8,1,21
BRDA:128,9,0,5
BRDA:128,9,1,18
BRF:20
BRH:19
end_of_record
TN:
SF:src\lib\masks.ts
FN:20,(anonymous_0)
FN:41,(anonymous_1)
FN:44,sanitizeFractionInput
FN:65,limitIntegerDigits
FN:84,(anonymous_4)
FNF:5
FNH:5
FNDA:21,(anonymous_0)
FNDA:4,(anonymous_1)
FNDA:18,sanitizeFractionInput
FNDA:18,limitIntegerDigits
FNDA:64,(anonymous_4)
DA:8,7
DA:20,7
DA:24,21
DA:25,4
DA:26,4
DA:27,3
DA:33,18
DA:36,7
DA:41,7
DA:45,18
DA:47,18
DA:48,5
DA:49,5
DA:50,5
DA:51,5
DA:52,5
DA:54,13
DA:55,13
DA:56,6
DA:62,18
DA:69,18
DA:70,18
DA:72,18
DA:74,17
DA:76,17
DA:78,17
DA:80,9
DA:82,9
DA:85,64
DA:86,6
DA:89,58
DA:90,29
DA:91,29
DA:94,29
DA:98,9
LF:35
LH:35
BRDA:24,0,0,4
BRDA:24,0,1,17
BRDA:26,1,0,3
BRDA:26,1,1,1
BRDA:47,2,0,5
BRDA:47,2,1,13
BRDA:55,3,0,6
BRDA:55,3,1,7
BRDA:67,4,0,18
BRDA:72,5,0,1
BRDA:72,5,1,17
BRDA:78,6,0,8
BRDA:78,6,1,9
BRDA:85,7,0,6
BRDA:85,7,1,58
BRDA:89,8,0,29
BRDA:89,8,1,29
BRF:17
BRH:17
end_of_record
TN:
SF:src\lib\utils.ts
FN:4,cn
FNF:1
FNH:1
FNDA:2181,cn
DA:5,2181
LF:1
LH:1
BRF:0
BRH:0
end_of_record
